<?xml version="1.0" encoding="UTF-8"?>
<!-- Generated by org.testng.reporters.JUnitReportReporter -->
<testsuite hostname="masoud-Inspiron-N5110" failures="0" tests="1" name="chapter01.S0128ByMechanism_getAttribute" time="12.521" errors="0" timestamp="2022-03-29T13:25:33 IRDT" skipped="0">
  <testcase classname="chapter01.S0128ByMechanism_getAttribute" name="f" time="12.521"/>
  <system-out/>
</testsuite> <!-- chapter01.S0128ByMechanism_getAttribute -->
