<?xml version="1.0" encoding="UTF-8"?>
<!-- Generated by org.testng.reporters.JUnitReportReporter -->
<testsuite hostname="masoud-Inspiron-N5110" failures="0" tests="1" name="chapter01.Findelement" time="25.347" errors="0" timestamp="2022-03-07T20:16:57 IRST" skipped="0">
  <testcase classname="chapter01.Findelement" name="f" time="25.347"/>
  <system-out/>
</testsuite> <!-- chapter01.Findelement -->
