<?xml version="1.0" encoding="UTF-8"?>
<!-- Generated by org.testng.reporters.JUnitReportReporter -->
<testsuite hostname="masoud-Inspiron-N5110" failures="0" tests="1" name="chapter01.S0108ByMechanism_classname" time="22.623" errors="0" timestamp="2022-03-07T21:23:13 IRST" skipped="0">
  <testcase classname="chapter01.S0108ByMechanism_classname" name="f" time="22.623"/>
  <system-out/>
</testsuite> <!-- chapter01.S0108ByMechanism_classname -->
