<?xml version="1.0" encoding="UTF-8"?>
<!-- Generated by org.testng.reporters.JUnitReportReporter -->
<testsuite hostname="masoud-Inspiron-N5110" failures="0" tests="1" name="chapter01.S0108ByMechanism_tagname" time="19.154" errors="0" timestamp="2022-03-29T13:09:42 IRDT" skipped="0">
  <testcase classname="chapter01.S0108ByMechanism_tagname" name="f" time="19.154"/>
  <system-out/>
</testsuite> <!-- chapter01.S0108ByMechanism_tagname -->
