<?xml version="1.0" encoding="UTF-8"?>
<!-- Generated by org.testng.reporters.JUnitReportReporter -->
<testsuite hostname="masoud-Inspiron-N5110" failures="0" tests="1" name="chapter01.S0138ByMechanism_getText" time="11.668" errors="0" timestamp="2022-03-29T13:33:15 IRDT" skipped="0">
  <testcase classname="chapter01.S0138ByMechanism_getText" name="f" time="11.668"/>
  <system-out/>
</testsuite> <!-- chapter01.S0138ByMechanism_getText -->
