<?xml version="1.0" encoding="UTF-8"?>
<!-- Generated by org.testng.reporters.JUnitReportReporter -->
<testsuite hostname="masoud-Inspiron-N5110" failures="0" tests="1" name="chapter03.S0305_Select2" time="25.348" errors="0" timestamp="2022-04-05T18:22:30 IRDT" skipped="0">
  <testcase classname="chapter03.S0305_Select2" name="f" time="25.348"/>
  <system-out/>
</testsuite> <!-- chapter03.S0305_Select2 -->
