<?xml version="1.0" encoding="UTF-8"?>
<!-- Generated by org.testng.reporters.JUnitReportReporter -->
<testsuite hostname="masoud-Inspiron-N5110" failures="0" tests="1" name="chapter02.S0204_firefoxProfile2" time="24.856" errors="0" timestamp="2022-04-01T08:20:40 IRDT" skipped="0">
  <testcase classname="chapter02.S0204_firefoxProfile2" name="f" time="24.856"/>
  <system-out/>
</testsuite> <!-- chapter02.S0204_firefoxProfile2 -->
