<?xml version="1.0" encoding="UTF-8"?>
<!-- Generated by org.testng.reporters.JUnitReportReporter -->
<testsuite hostname="masoud-Inspiron-N5110" failures="0" tests="1" name="chapter03.S0309_Distinct_count" time="200.541" errors="0" timestamp="2022-04-05T21:15:47 IRDT" skipped="0">
  <testcase classname="chapter03.S0309_Distinct_count" name="f" time="200.541"/>
  <system-out/>
</testsuite> <!-- chapter03.S0309_Distinct_count -->
