<?xml version="1.0" encoding="UTF-8"?>
<!-- Generated by org.testng.reporters.JUnitReportReporter -->
<testsuite hostname="masoud-Inspiron-N5110" failures="0" tests="1" name="chapter03.S0304_Select" time="18.101" errors="0" timestamp="2022-04-05T17:39:40 IRDT" skipped="0">
  <testcase classname="chapter03.S0304_Select" name="f" time="18.101"/>
  <system-out/>
</testsuite> <!-- chapter03.S0304_Select -->
